<?xml version="1.0" encoding="UTF-8"?>
<!-- Generated by org.testng.reporters.JUnitXMLReporter -->
<testsuite hostname="DESKTOP-HSD14IN" ignored="1" name="Default test" tests="3" failures="0" timestamp="10 Apr 2020 04:28:54 GMT" time="33.096" errors="0">
  <testcase name="verifySignUpLinkTest" time="5.189" classname="com.qa.hubspot.test.LoginPageTest"/>
  <testcase name="verifyLoginPageTitleTest" time="0.022" classname="com.qa.hubspot.test.LoginPageTest"/>
  <testcase name="loginTest" time="4.315" classname="com.qa.hubspot.test.LoginPageTest"/>
  <testcase name="login_InvalidTestCases" time="0.0" classname="com.qa.hubspot.test.LoginPageTest">
    <ignored/>
  </testcase> <!-- login_InvalidTestCases -->
</testsuite> <!-- Default test -->
