<?xml version="1.0" encoding="UTF-8"?>
<testng-results skipped="0" failed="0" ignored="1" total="4" passed="3">
  <reporter-output>
  </reporter-output>
  <suite name="HubSpot Regression Sanity test suite " duration-ms="21768" started-at="2020-03-28T21:28:21Z" finished-at="2020-03-28T21:28:42Z">
    <groups>
    </groups>
    <test name="Regression Functional Sanity Test" duration-ms="21768" started-at="2020-03-28T21:28:21Z" finished-at="2020-03-28T21:28:42Z">
      <class name="com.qa.hubspot.test.LoginPageTest">
        <test-method status="PASS" signature="setup(java.lang.String)[pri:0, instance:com.qa.hubspot.test.LoginPageTest@4206a205]" name="setup" is-config="true" duration-ms="11424" started-at="2020-03-28T21:28:21Z" finished-at="2020-03-28T21:28:32Z">
          <params>
            <param index="0">
              <value>
                <![CDATA[opt]]>
              </value>
            </param>
          </params>
          <reporter-output>
          </reporter-output>
        </test-method> <!-- setup -->
        <test-method status="PASS" signature="verifySignUpLinkTest()[pri:1, instance:com.qa.hubspot.test.LoginPageTest@4206a205]" name="verifySignUpLinkTest" duration-ms="5121" started-at="2020-03-28T21:28:32Z" description="verify sign up link Test" finished-at="2020-03-28T21:28:37Z">
          <reporter-output>
          </reporter-output>
        </test-method> <!-- verifySignUpLinkTest -->
        <test-method status="PASS" signature="verifyLoginPageTitleTest()[pri:2, instance:com.qa.hubspot.test.LoginPageTest@4206a205]" name="verifyLoginPageTitleTest" duration-ms="17" started-at="2020-03-28T21:28:37Z" finished-at="2020-03-28T21:28:37Z">
          <reporter-output>
          </reporter-output>
        </test-method> <!-- verifyLoginPageTitleTest -->
        <test-method status="PASS" signature="loginTest()[pri:3, instance:com.qa.hubspot.test.LoginPageTest@4206a205]" name="loginTest" duration-ms="4218" started-at="2020-03-28T21:28:38Z" finished-at="2020-03-28T21:28:42Z">
          <reporter-output>
          </reporter-output>
        </test-method> <!-- loginTest -->
        <test-method status="PASS" signature="tearDown()[pri:0, instance:com.qa.hubspot.test.LoginPageTest@4206a205]" name="tearDown" is-config="true" duration-ms="727" started-at="2020-03-28T21:28:42Z" finished-at="2020-03-28T21:28:42Z">
          <reporter-output>
          </reporter-output>
        </test-method> <!-- tearDown -->
      </class> <!-- com.qa.hubspot.test.LoginPageTest -->
    </test> <!-- Regression Functional Sanity Test -->
  </suite> <!-- HubSpot Regression Sanity test suite  -->
</testng-results>
