<?xml version="1.0" encoding="UTF-8"?>
<testsuite xmlns:xsi="http://www.w3.org/2001/XMLSchema-instance" xsi:noNamespaceSchemaLocation="https://maven.apache.org/surefire/maven-surefire-plugin/xsd/surefire-test-report.xsd" name="TestSuite" time="58.53" tests="3" errors="0" skipped="0" failures="2">
  <properties>
[...]
</properties>
  <testcase name="verifySignUpLinkTest" classname="com.qa.hubspot.test.LoginPageTest" time="20.578">
    <failure message="Expected condition failed: waiting for presence of element located by: By.linkText: Sign up11 (tried for 20 second(s) with 500 milliseconds interval)" type="org.openqa.selenium.TimeoutException">org.openqa.selenium.TimeoutException: Expected condition failed: waiting for presence of element located by: By.linkText: Sign up11 (tried for 20 second(s) with 500 milliseconds interval)
	at com.qa.hubspot.test.LoginPageTest.verifySignUpLinkTest(LoginPageTest.java:74)
Caused by: org.openqa.selenium.NoSuchElementException: 
no such element: Unable to locate element: {"method":"link text","selector":"Sign up11"}
  (Session info: chrome=81.0.4044.92)
For documentation on this error, please visit: https://www.seleniumhq.org/exceptions/no_such_element.html
Build info: version: '3.141.59', revision: 'e82be7d358', time: '2018-11-14T08:17:03'
System info: host: 'DESKTOP-HSD14IN', ip: '192.168.1.176', os.name: 'Windows 10', os.arch: 'amd64', os.version: '10.0', java.version: '1.8.0_231'
Driver info: org.openqa.selenium.chrome.ChromeDriver
Capabilities {acceptInsecureCerts: false, browserName: chrome, browserVersion: 81.0.4044.92, chrome: {chromedriverVersion: 81.0.4044.69 (6813546031a4b..., userDataDir: C:\Users\vanda\AppData\Loca...}, goog:chromeOptions: {debuggerAddress: localhost:63947}, javascriptEnabled: true, networkConnectionEnabled: false, pageLoadStrategy: normal, platform: WINDOWS, platformName: WINDOWS, proxy: Proxy(), setWindowRect: true, strictFileInteractability: false, timeouts: {implicit: 0, pageLoad: 300000, script: 30000}, unhandledPromptBehavior: dismiss and notify, webauthn:virtualAuthenticators: true}
Session ID: bae2c1452a8b15991047ee4d9e0a9cfe
*** Element info: {Using=link text, value=Sign up11}
	at com.qa.hubspot.test.LoginPageTest.verifySignUpLinkTest(LoginPageTest.java:74)
</failure>
    <system-out><![CDATA[I am in onStart method Regression Functional Sanity Test
I am in onTestStart method verifySignUpLinkTest start
I am in onTestFailure method verifySignUpLinkTest failed
Screenshot captured for test case:verifySignUpLinkTest
]]></system-out>
    <system-err><![CDATA[SLF4J: Failed to load class "org.slf4j.impl.StaticLoggerBinder".
SLF4J: Defaulting to no-operation (NOP) logger implementation
SLF4J: See http://www.slf4j.org/codes.html#StaticLoggerBinder for further details.
Starting ChromeDriver 81.0.4044.69 (6813546031a4bc83f717a2ef7cd4ac6ec1199132-refs/branch-heads/4044@{#776}) on port 14890
Only local connections are allowed.
Please protect ports used by ChromeDriver and related test frameworks to prevent access by malicious code.
Apr 13, 2020 9:07:22 PM org.openqa.selenium.remote.ProtocolHandshake createSession
INFO: Detected dialect: W3C
[1586837250.143][SEVERE]: Timed out receiving message from renderer: 0.100
[1586837250.312][SEVERE]: Timed out receiving message from renderer: 0.100
]]></system-err>
  </testcase>
  <testcase name="verifyLoginPageTitleTest" classname="com.qa.hubspot.test.LoginPageTest" time="0.031"/>
  <testcase name="loginTest" classname="com.qa.hubspot.test.LoginPageTest" time="21.351">
    <failure message="Expected condition failed: waiting for presence of element located by: By.cssSelector: img.nav-avatar (tried for 20 second(s) with 500 milliseconds interval)" type="org.openqa.selenium.TimeoutException">org.openqa.selenium.TimeoutException: Expected condition failed: waiting for presence of element located by: By.cssSelector: img.nav-avatar (tried for 20 second(s) with 500 milliseconds interval)
	at com.qa.hubspot.test.LoginPageTest.loginTest(LoginPageTest.java:83)
Caused by: org.openqa.selenium.NoSuchElementException: 
no such element: Unable to locate element: {"method":"css selector","selector":"img.nav-avatar"}
  (Session info: chrome=81.0.4044.92)
For documentation on this error, please visit: https://www.seleniumhq.org/exceptions/no_such_element.html
Build info: version: '3.141.59', revision: 'e82be7d358', time: '2018-11-14T08:17:03'
System info: host: 'DESKTOP-HSD14IN', ip: '192.168.1.176', os.name: 'Windows 10', os.arch: 'amd64', os.version: '10.0', java.version: '1.8.0_231'
Driver info: org.openqa.selenium.chrome.ChromeDriver
Capabilities {acceptInsecureCerts: false, browserName: chrome, browserVersion: 81.0.4044.92, chrome: {chromedriverVersion: 81.0.4044.69 (6813546031a4b..., userDataDir: C:\Users\vanda\AppData\Loca...}, goog:chromeOptions: {debuggerAddress: localhost:63947}, javascriptEnabled: true, networkConnectionEnabled: false, pageLoadStrategy: normal, platform: WINDOWS, platformName: WINDOWS, proxy: Proxy(), setWindowRect: true, strictFileInteractability: false, timeouts: {implicit: 0, pageLoad: 300000, script: 30000}, unhandledPromptBehavior: dismiss and notify, webauthn:virtualAuthenticators: true}
Session ID: bae2c1452a8b15991047ee4d9e0a9cfe
*** Element info: {Using=css selector, value=img.nav-avatar}
	at com.qa.hubspot.test.LoginPageTest.loginTest(LoginPageTest.java:83)
</failure>
    <system-out><![CDATA[I am in onTestStart method loginTest start
credentials are  :neha_suri11@yahoo.com  Motivate@12
I am in onTestFailure method loginTest failed
Screenshot captured for test case:loginTest
]]></system-out>
  </testcase>
</testsuite>